<?xml version="1.0" encoding="utf-8"?><testsuites name="pytest tests"><testsuite name="pytest" errors="0" failures="0" skipped="0" tests="65" time="34.810" timestamp="2026-08-27T07:20:08.947090+00:00" hostname="agent-env-9c6b579f-168d-4e4f-b240-b15e64bfab3c"><testcase classname="tests.backend_test.TestCoupons" name="test_create_percent_and_fixed" time="2.908" /><testcase classname="tests.backend_test.TestAdminOrders" name="test_orders_listing_shape" time="2.454" /><testcase classname="tests.backend_test.TestAdminOrders" name="test_search_by_email_and_order_id" time="0.905" /><testcase classname="tests.backend_test.TestCoupons" name="test_duplicate_coupon_409" time="0.309" /><testcase classname="tests.backend_test.TestCoupons" name="test_percent_over_100_rejected" time="0.297" /><testcase classname="tests.backend_test.TestAdminOrders" name="test_search_no_results" time="0.295" /><testcase classname="tests.backend_test.TestAdminOrders" name="test_status_filters[pending]" time="0.442" /><testcase classname="tests.backend_test.TestAdminOrders" name="test_status_filters[completed]" time="0.296" /><testcase classname="tests.backend_test.TestCoupons" name="test_validate_percent_and_fixed" time="1.384" /><testcase classname="tests.backend_test.TestAdminOrders" name="test_status_filters[refunded]" time="0.305" /><testcase classname="tests.backend_test.TestAdminOrders" name="test_status_filters[cancelled]" time="0.306" /><testcase classname="tests.backend_test.TestCoupons" name="test_unknown_coupon_400" time="0.310" /><testcase classname="tests.backend_test.TestAdminOrders" name="test_status_change_persists_and_delete" time="1.843" /><testcase classname="tests.backend_test.TestCoupons" name="test_disabled_coupon_rejected_then_reenabled" time="1.203" /><testcase classname="tests.backend_test.TestCoupons" name="test_coupon_delete_and_404" time="1.090" /><testcase classname="tests.backend_test.TestAdminOrders" name="test_non_admin_forbidden" time="0.495" /><testcase classname="tests.backend_test.TestAdminUsers" name="test_users_listing" time="0.431" /><testcase classname="tests.backend_test.TestCoupons" name="test_non_admin_cannot_manage_coupons" time="1.357" /><testcase classname="tests.backend_test.TestAdminUsers" name="test_grant_plan_license[30d]" time="1.488" /><testcase classname="tests.backend_test.TestHealth" name="test_health_is_supabase" time="0.254" /><testcase classname="tests.backend_test.TestHealth" name="test_plans_public" time="0.089" /><testcase classname="tests.backend_test.TestHealth" name="test_build_info_public" time="0.232" /><testcase classname="tests.backend_test.TestAdminUsers" name="test_grant_plan_license[90d]" time="1.056" /><testcase classname="tests.backend_test.TestHealth" name="test_protected_requires_auth[/auth/me]" time="0.100" /><testcase classname="tests.backend_test.TestHealth" name="test_protected_requires_auth[/licenses/my]" time="0.113" /><testcase classname="tests.backend_test.TestHealth" name="test_protected_requires_auth[/orders/my]" time="0.098" /><testcase classname="tests.backend_test.TestHealth" name="test_protected_requires_auth[/admin/stats]" time="0.100" /><testcase classname="tests.backend_test.TestAdminUsers" name="test_grant_plan_license[lifetime]" time="0.876" /><testcase classname="tests.backend_test.TestAuth" name="test_register_and_me" time="0.838" /><testcase classname="tests.backend_test.TestAuth" name="test_register_duplicate_email_409" time="0.253" /><testcase classname="tests.backend_test.TestAuth" name="test_register_validation" time="0.113" /><testcase classname="tests.backend_test.TestAuth" name="test_login_admin_by_username_and_email" time="1.413" /><testcase classname="tests.backend_test.TestAdminUsers" name="test_grant_custom_days" time="0.574" /><testcase classname="tests.backend_test.TestAdminUsers" name="test_grant_without_plan_or_days_400" time="0.302" /><testcase classname="tests.backend_test.TestAdminUsers" name="test_admin_hwid_reset" time="0.984" /><testcase classname="tests.backend_test.TestAuth" name="test_login_sets_httponly_cookie" time="0.708" /><testcase classname="tests.backend_test.TestAdminUsers" name="test_unknown_user_404" time="0.740" /><testcase classname="tests.backend_test.TestAuth" name="test_login_wrong_password_401" time="1.472" /><testcase classname="tests.backend_test.TestAuth" name="test_cors_config_has_no_wildcard" time="0.086" /><testcase classname="tests.backend_test.TestBuildAndDownload" name="test_set_version_persists_everywhere" time="1.320" /><testcase classname="tests.backend_test.TestPurchases" name="test_purchase_plan_with_coupon_and_uses_increment" time="3.967" /><testcase classname="tests.backend_test.TestBuildAndDownload" name="test_version_update_preserves_uploaded_file" time="0.754" /><testcase classname="tests.backend_test.TestBuildAndDownload" name="test_download_requires_license" time="1.008" /><testcase classname="tests.backend_test.TestPurchases" name="test_purchase_unknown_plan" time="0.175" /><testcase classname="tests.backend_test.TestBuildAndDownload" name="test_download_without_license_403" time="1.382" /><testcase classname="tests.backend_test.TestPurchases" name="test_addon_hwid_reset_adds_credit" time="1.276" /><testcase classname="tests.backend_test.TestBuildAndDownload" name="test_bad_version_payload" time="0.173" /><testcase classname="tests.backend_test.TestPurchases" name="test_addon_tester_sets_flag" time="0.792" /><testcase classname="tests.backend_test.TestBuildAndDownload" name="test_client_credentials_endpoint" time="0.170" /><testcase classname="tests.backend_test.TestBuildAndDownload" name="test_client_logs_endpoint" time="0.299" /><testcase classname="tests.backend_test.TestProfileAndSecurity" name="test_update_profile_persists" time="0.486" /><testcase classname="tests.backend_test.TestPurchases" name="test_addon_with_coupon_discount" time="0.885" /><testcase classname="tests.backend_test.TestProfileAndSecurity" name="test_language_toggle_persists" time="0.966" /><testcase classname="tests.backend_test.TestPurchases" name="test_unknown_addon" time="0.181" /><testcase classname="tests.backend_test.TestPurchases" name="test_user_hwid_reset_uses_credit" time="1.698" /><testcase classname="tests.backend_test.TestProfileAndSecurity" name="test_invalid_language_rejected" time="0.181" /><testcase classname="tests.backend_test.TestProfileAndSecurity" name="test_discord_and_2fa_toggle" time="1.795" /><testcase classname="tests.backend_test.TestBlockedUserCannotLogin" name="test_block_unblock_flow" time="5.065" /><testcase classname="tests.backend_test.TestProfileAndSecurity" name="test_change_password_roundtrip" time="3.755" /><testcase classname="tests.backend_test.TestVisitsAndStats" name="test_track_and_appear_in_visits" time="2.023" /><testcase classname="tests.backend_test.TestBlockedUserCannotLogin" name="test_admin_cannot_block_self" time="0.481" /><testcase classname="tests.backend_test.TestBlockedUserCannotLogin" name="test_admin_cannot_be_deleted" time="0.500" /><testcase classname="tests.backend_test.TestBruteForceLockout" name="test_lockout_after_five_failures" time="5.562" /><testcase classname="tests.backend_test.TestVisitsAndStats" name="test_visits_series_shape" time="0.488" /><testcase classname="tests.backend_test.TestVisitsAndStats" name="test_stats" time="1.463" /></testsuite></testsuites>